
ROM used:   194/8192 (2%)
            194/8192 (2%) including unused fragments

            0.2 Average locations per line
            5.0 Average locations per statement

RAM used:   15/368 (4%) at main() level
            15/368 (4%) worst case

Stack used: 2 worst case (1 in main + 1 for interrupts)
Stack size: 8

Lines Stmts  %   Files
----- ----- ---  -----
   81    39 100  Xedieukhien.c
   10     0   0  Xedieukhien.h
  671     0   0  ..\..\..\..\..\..\Program Files (x86)\PICC\Devices\16F877A.h
   37     0   0  ..\..\..\..\..\..\Program Files (x86)\PICC\Drivers\stdio.h
  423     0   0  ..\..\..\..\..\..\Program Files (x86)\PICC\Drivers\string.h
   32     0   0  ..\..\..\..\..\..\Program Files (x86)\PICC\Drivers\stddef.h
   28     0   0  ..\..\..\..\..\..\Program Files (x86)\PICC\Drivers\ctype.h
----- -----
 1282    39 Total

Page ROM  %  RAM   Vol Diff  Functions:
---- --- --- ---   --- ----  ----------
0     10   5    0    38  1.9  nhan
0     19  10    0    67  1.2  tien
0     19  10    0    67  1.2  lui
0     19  10    0    67  1.2  trai
0     19  10    0    67  1.2  phai
0     59  30    0   333  2.8  MAIN
 Inline         0             @cinit1

Program metrics:
    Functions               6
    Statements              39
    Comments                205
    Volume (V)              985
    Difficulty (D)          9.6
    Effort to implement (E) 9444
    Time to implement (T)   9 minutes
    Est Delivered Bugs (B)  0
    Cyclomatic Complexity   5
    Maintainability (MI)    132

 Segment     Used  Free
-----------  ----  ----
00000-00003     4  0  
00004-00030    45  0  
00031-007FF   145  1854  
00800-00FFF     0  2048  
01000-017FF     0  2048  
01800-01FFF     0  2048  



